<?xml version="1.0" encoding="UTF-8"?>
<!-- Generated by org.testng.reporters.JUnitReportReporter -->
<testsuite hostname="LAPTOP-0HGHKCPC" failures="0" tests="2" name="test.TodoListTest" time="33.378" errors="0" timestamp="2021-11-18T20:01:23 CST" skipped="0">
  <testcase classname="test.TodoListTest" name="testTODOLIST" time="12.650"/>
  <system-out/>
  <testcase classname="test.TodoListTest" name="testDueDateDropdown" time="20.728"/>
  <system-out/>
</testsuite> <!-- test.TodoListTest -->
