<?xml version="1.0" encoding="UTF-8"?>
<!-- Generated by org.testng.reporters.JUnitReportReporter -->
<testsuite skipped="0" hostname="DESKTOP-TKR0J4Q" name="test.LoginTest" tests="1" failures="0" timestamp="2022-01-23T21:41:53 CST" time="10.565" errors="0">
  <testcase name="enterCredentialsAndSignIn" time="10.565" classname="test.LoginTest"/>
  <system-out/>
</testsuite> <!-- test.LoginTest -->
